<?xml version="1.0" encoding="UTF-8"?>
<!-- Generated by org.testng.reporters.JUnitReportReporter -->
<testsuite hostname="DESKTOP-1HAR8JH" failures="0" tests="2" name="TestPack.AssertPractics" time="95.722" errors="0" timestamp="2022-09-22T14:10:56 IST" skipped="0">
  <testcase classname="TestPack.AssertPractics" name="test2" time="20.827"/>
  <system-out/>
  <testcase classname="TestPack.AssertPractics" name="test1" time="74.895"/>
  <system-out/>
</testsuite> <!-- TestPack.AssertPractics -->
