<?xml version="1.0" encoding="UTF-8"?>
<!-- Generated by org.testng.reporters.JUnitReportReporter -->
<testsuite hostname="DESKTOP-1HAR8JH" failures="0" tests="5" name="TestPack.TestNgPractices" time="0.055" errors="0" timestamp="2022-09-28T12:29:47 IST" skipped="0">
  <testcase classname="TestPack.TestNgPractices" name="test4" time="0.006"/>
  <system-out/>
  <testcase classname="TestPack.TestNgPractices" name="test3" time="0.025"/>
  <system-out/>
  <testcase classname="TestPack.TestNgPractices" name="test2" time="0.008"/>
  <system-out/>
  <testcase classname="TestPack.TestNgPractices" name="test1" time="0.005"/>
  <system-out/>
  <testcase classname="TestPack.TestNgPractices" name="test1" time="0.011"/>
  <system-out/>
</testsuite> <!-- TestPack.TestNgPractices -->
